


ARM Macro Assembler    Page 1 


    1 00000000                 AREA             RESET,DATA,READONLY
    2 00000000                 EXPORT           __Vectors
    3 00000000         __Vectors
    4 00000000 10001000        DCD              0X10001000
    5 00000004 00000000        DCD              Reset_Handler
    6 00000008                 ALIGN
    7 00000008                 AREA             my_code,CODE,READONLY
    8 00000000                 ENTRY
    9 00000000                 EXPORT           Reset_Handler
   10 00000000         Reset_Handler
   11 00000000 480A            LDR              R0,=SRC
   12 00000002 490B            LDR              R1,=DST
   13 00000004 F04F 0504       MOV              R5,#4
   14 00000008 F810 2B01 
                       L1      LDRB             R2,[R0],#1
   15 0000000C F002 030F       AND              R3,R2,#0XF
   16 00000010 F002 04F0       AND              R4,R2,#0XF0
   17 00000014 EA4F 1414       LSR              R4,#4
   18 00000018 F801 3B01       STRB             R3,[R1],#1
   19 0000001C F801 4B01       STRB             R4,[R1],#1
   20 00000020 3D01            SUBS             R5,#1
   21 00000022 D1F1            BNE              L1
   22 00000024 E7FE    STOP    B                STOP
   23 00000026 00 00 12345678 
                       SRC     DCD              0X12345678
   24 0000002C 00000000 
              00000000         AREA             my_data,DATA,READWRITE
   25 00000000 00000000 
                       DST     DCD              0
   26 00000004                 END
Command Line: --debug --xref --cpu=Cortex-M3 --apcs=interwork --depend=addition
al_q1_unpack32BIT_BCD.d -oadditional_q1_unpack32BIT_BCD.o -IC:\Keil\ARM\RV31\IN
C -IC:\Keil\ARM\CMSIS\Include -IC:\Keil\ARM\Inc\NXP\LPC17xx --predefine="__EVAL
 SETA 1" --list=additional_q1_unpack32BIT_BCD.lst additional_q1_unpack32BIT_BCD
.s



ARM Macro Assembler    Page 1 Alphabetic symbol ordering
Relocatable symbols

RESET 00000000

Symbol: RESET
   Definitions
      At line 1 in file additional_q1_unpack32BIT_BCD.s
   Uses
      None
Comment: RESET unused
__Vectors 00000000

Symbol: __Vectors
   Definitions
      At line 3 in file additional_q1_unpack32BIT_BCD.s
   Uses
      At line 2 in file additional_q1_unpack32BIT_BCD.s
Comment: __Vectors used once
2 symbols



ARM Macro Assembler    Page 1 Alphabetic symbol ordering
Relocatable symbols

L1 00000008

Symbol: L1
   Definitions
      At line 14 in file additional_q1_unpack32BIT_BCD.s
   Uses
      At line 21 in file additional_q1_unpack32BIT_BCD.s
Comment: L1 used once
Reset_Handler 00000000

Symbol: Reset_Handler
   Definitions
      At line 10 in file additional_q1_unpack32BIT_BCD.s
   Uses
      At line 5 in file additional_q1_unpack32BIT_BCD.s
      At line 9 in file additional_q1_unpack32BIT_BCD.s

SRC 00000028

Symbol: SRC
   Definitions
      At line 23 in file additional_q1_unpack32BIT_BCD.s
   Uses
      At line 11 in file additional_q1_unpack32BIT_BCD.s
Comment: SRC used once
STOP 00000024

Symbol: STOP
   Definitions
      At line 22 in file additional_q1_unpack32BIT_BCD.s
   Uses
      At line 22 in file additional_q1_unpack32BIT_BCD.s
Comment: STOP used once
my_code 00000000

Symbol: my_code
   Definitions
      At line 7 in file additional_q1_unpack32BIT_BCD.s
   Uses
      None
Comment: my_code unused
5 symbols



ARM Macro Assembler    Page 1 Alphabetic symbol ordering
Relocatable symbols

DST 00000000

Symbol: DST
   Definitions
      At line 25 in file additional_q1_unpack32BIT_BCD.s
   Uses
      At line 12 in file additional_q1_unpack32BIT_BCD.s
Comment: DST used once
my_data 00000000

Symbol: my_data
   Definitions
      At line 24 in file additional_q1_unpack32BIT_BCD.s
   Uses
      None
Comment: my_data unused
2 symbols
342 symbols in table
