


ARM Macro Assembler    Page 1 


    1 00000000                 AREA             RESET,DATA,READONLY
    2 00000000                 EXPORT           __Vectors
    3 00000000         __Vectors
    4 00000000 10001000        DCD              0X10001000
    5 00000004 00000000        DCD              Reset_Handler
    6 00000008                 ALIGN
    7 00000008                 AREA             my_code,CODE,READONLY
    8 00000000                 ENTRY
    9 00000000                 EXPORT           Reset_Handler
   10 00000000         Reset_Handler
   11 00000000 4820            LDR              R0,=VAL1
   12 00000002 4921            LDR              R1,=VAL2
   13 00000004 F8DF 8084       LDR              R8,=UNPACKED_RES
   14 00000008 8802            LDRH             R2,[R0]
   15 0000000A 880B            LDRH             R3,[R1]
   16 0000000C FB02 F403       MUL              R4,R2,R3
   17 00000010        5 
                       COUNTER RN               R5
   18 00000010        6 
                       CARRY   RN               R6
   19 00000010        C 
                       PACKED_COUNTER
                               RN               R12
   20 00000010 F04F 0504       MOV              COUNTER,#4
   21 00000014 F000 F81D 
                       L1      BL               MASKING
   22 00000018 F808 7B01       STRB             R7,[R8],#1
   23 0000001C F10C 0C01       ADD              PACKED_COUNTER,#1
   24 00000020 3D01            SUBS             COUNTER,#1
   25 00000022 D1F7            BNE              L1
   26 00000024 F8DF 8064       LDR              R8,=UNPACKED_RES
   27 00000028 F8DF 9064       LDR              R9,=PACKED_RES
   28 0000002C F000 F81F 
                       L2      BL               PACKED
   29 00000030 F809 BB01       STRB             R11,[R9],#1
   30 00000034 F1AC 0C02       SUB              PACKED_COUNTER,#2
   31 00000038 F1BC 0F01       CMP              PACKED_COUNTER,#1
   32 0000003C D003            BEQ              L3
   33 0000003E F1BC 0F00       CMP              PACKED_COUNTER,#0
   34 00000042 D005            BEQ              STOP
   35 00000044 E7F2            B                L2
   36 00000046 F000 F812 
                       L3      BL               PACKED
   37 0000004A F889 B000       STRB             R11,[R9]
   38 0000004E E7FF            B                STOP
   39 00000050         
   40 00000050 E7FE    STOP    B                STOP
   41 00000052         
   42 00000052         MASKING
   43 00000052 F004 070F       AND              R7,R4,#0XF
   44 00000056 4437            ADD              R7,CARRY
   45 00000058 F04F 0600       MOV              CARRY,#0
   46 0000005C 2F0A            CMP              R7,#0XA
   47 0000005E D303            BLO              MASK_L1
   48 00000060 F04F 0601       MOV              CARRY,#1
   49 00000064 F1A7 070A       SUB              R7,#0XA
   50 00000068 EA4F 1414 
                       MASK_L1 LSR              R4,#4
   51 0000006C 4770            BX               LR



ARM Macro Assembler    Page 2 


   52 0000006E         PACKED
   53 0000006E F818 AB01       LDRB             R10,[R8],#1
   54 00000072 F818 BB01       LDRB             R11,[R8],#1
   55 00000076 EA4F 1B0B       LSL              R11,#4
   56 0000007A 44D3            ADD              R11,R10
   57 0000007C 4770            BX               LR
   58 0000007E 08 00   VAL1    DCW              0X8
   59 00000080 09 00   VAL2    DCW              0X9
   60 00000082 00 00 00000000 
              00000000 
              00000000 
              00000000 
              00000000         AREA             my_data,DATA,READWRITE
   61 00000000 00 00 00 
              00 00 00 
              00 00 00 
              00 00 00 
              00 00 00 
              00 00 00 
              00 00 00 
              00 00 00 
              00 00 00 
              00 00 00 
              00 00 00 
              00 00 00 
              00 00 00 
              00 00 00 
              00 00 00 
              00 00 00 
              00 00 00 
              00 00 00 
              00 00 00 
              00 00 00 
              00 00 00 
              00       UNPACKED_RES
                               SPACE            64
   62 00000040 00000000 
                       PACKED_RES
                               DCD              0
   63 00000044                 END
Command Line: --debug --xref --cpu=Cortex-M3 --apcs=interwork --depend=addition
al_q2_BCD_mul.d -oadditional_q2_BCD_mul.o -IC:\Keil\ARM\RV31\INC -IC:\Keil\ARM\
CMSIS\Include -IC:\Keil\ARM\Inc\NXP\LPC17xx --predefine="__EVAL SETA 1" --list=
additional_q2_BCD_mul.lst additional_q2_BCD_mul.s



ARM Macro Assembler    Page 1 Alphabetic symbol ordering
Relocatable symbols

RESET 00000000

Symbol: RESET
   Definitions
      At line 1 in file additional_q2_BCD_mul.s
   Uses
      None
Comment: RESET unused
__Vectors 00000000

Symbol: __Vectors
   Definitions
      At line 3 in file additional_q2_BCD_mul.s
   Uses
      At line 2 in file additional_q2_BCD_mul.s
Comment: __Vectors used once
2 symbols



ARM Macro Assembler    Page 1 Alphabetic symbol ordering
Relocatable symbols

L1 00000014

Symbol: L1
   Definitions
      At line 21 in file additional_q2_BCD_mul.s
   Uses
      At line 25 in file additional_q2_BCD_mul.s
Comment: L1 used once
L2 0000002C

Symbol: L2
   Definitions
      At line 28 in file additional_q2_BCD_mul.s
   Uses
      At line 35 in file additional_q2_BCD_mul.s
Comment: L2 used once
L3 00000046

Symbol: L3
   Definitions
      At line 36 in file additional_q2_BCD_mul.s
   Uses
      At line 32 in file additional_q2_BCD_mul.s
Comment: L3 used once
MASKING 00000052

Symbol: MASKING
   Definitions
      At line 42 in file additional_q2_BCD_mul.s
   Uses
      At line 21 in file additional_q2_BCD_mul.s
Comment: MASKING used once
MASK_L1 00000068

Symbol: MASK_L1
   Definitions
      At line 50 in file additional_q2_BCD_mul.s
   Uses
      At line 47 in file additional_q2_BCD_mul.s
Comment: MASK_L1 used once
PACKED 0000006E

Symbol: PACKED
   Definitions
      At line 52 in file additional_q2_BCD_mul.s
   Uses
      At line 28 in file additional_q2_BCD_mul.s
      At line 36 in file additional_q2_BCD_mul.s

Reset_Handler 00000000

Symbol: Reset_Handler
   Definitions
      At line 10 in file additional_q2_BCD_mul.s
   Uses
      At line 5 in file additional_q2_BCD_mul.s
      At line 9 in file additional_q2_BCD_mul.s

STOP 00000050



ARM Macro Assembler    Page 2 Alphabetic symbol ordering
Relocatable symbols


Symbol: STOP
   Definitions
      At line 40 in file additional_q2_BCD_mul.s
   Uses
      At line 34 in file additional_q2_BCD_mul.s
      At line 38 in file additional_q2_BCD_mul.s
      At line 40 in file additional_q2_BCD_mul.s

VAL1 0000007E

Symbol: VAL1
   Definitions
      At line 58 in file additional_q2_BCD_mul.s
   Uses
      At line 11 in file additional_q2_BCD_mul.s
Comment: VAL1 used once
VAL2 00000080

Symbol: VAL2
   Definitions
      At line 59 in file additional_q2_BCD_mul.s
   Uses
      At line 12 in file additional_q2_BCD_mul.s
Comment: VAL2 used once
my_code 00000000

Symbol: my_code
   Definitions
      At line 7 in file additional_q2_BCD_mul.s
   Uses
      None
Comment: my_code unused
11 symbols



ARM Macro Assembler    Page 1 Alphabetic symbol ordering
Relocatable symbols

PACKED_RES 00000040

Symbol: PACKED_RES
   Definitions
      At line 62 in file additional_q2_BCD_mul.s
   Uses
      At line 27 in file additional_q2_BCD_mul.s
Comment: PACKED_RES used once
UNPACKED_RES 00000000

Symbol: UNPACKED_RES
   Definitions
      At line 61 in file additional_q2_BCD_mul.s
   Uses
      At line 13 in file additional_q2_BCD_mul.s
      At line 26 in file additional_q2_BCD_mul.s

my_data 00000000

Symbol: my_data
   Definitions
      At line 60 in file additional_q2_BCD_mul.s
   Uses
      None
Comment: my_data unused
3 symbols
352 symbols in table
