


ARM Macro Assembler    Page 1 


    1 00000000                 AREA             RESET,DATA,READONLY
    2 00000000                 EXPORT           __Vectors
    3 00000000         __Vectors
    4 00000000 10001000        DCD              0X10001000
    5 00000004 00000000        DCD              Reset_Handler
    6 00000008                 ALIGN
    7 00000008                 AREA             my_code,CODE,READONLY
    8 00000000                 ENTRY
    9 00000000                 EXPORT           Reset_Handler
   10 00000000         Reset_Handler
   11 00000000 481C            LDR              R0,=VAL1
   12 00000002 4A1D            LDR              R2,=UNPACKED_RES
   13 00000004 8803            LDRH             R3,[R0]
   14 00000006        5 
                       QUO     RN               R5
   15 00000006        7 
                       COUNTER RN               R7
   16 00000006 F04F 0700       MOV              COUNTER ,#0
   17 0000000A 2B0A    L1      CMP              R3,#10
   18 0000000C D301            BLO              L2
   19 0000000E F000 F81F       BL               DIVISION
   20 00000012 F802 3B01 
                       L2      STRB             R3,[R2],#1
   21 00000016 F107 0701       ADD              COUNTER,#1
   22 0000001A 462B            MOV              R3,QUO
   23 0000001C F04F 0500       MOV              QUO,#0
   24 00000020 2B0A            CMP              R3,#10
   25 00000022 D2F2            BHS              L1
   26 00000024 7013            STRB             R3,[R2]
   27 00000026 F107 0701       ADD              COUNTER,#1
   28 0000002A         
   29 0000002A 4C13            LDR              R4,=UNPACKED_RES
   30 0000002C 4E13            LDR              R6,=PACKED_RES
   31 0000002E F000 F817 
                       L3      BL               PACKED
   32 00000032 F806 BB01       STRB             R11,[R6],#1
   33 00000036 F1A7 0702       SUB              COUNTER,#2
   34 0000003A 2F01            CMP              COUNTER,#1
   35 0000003C D002            BEQ              L4
   36 0000003E 2F00            CMP              COUNTER,#0
   37 00000040 D005            BEQ              STOP
   38 00000042 E7F4            B                L3
   39 00000044 F000 F80C 
                       L4      BL               PACKED
   40 00000048 F886 B000       STRB             R11,[R6]
   41 0000004C E7FF            B                STOP
   42 0000004E E7FE    STOP    B                STOP
   43 00000050         DIVISION
   44 00000050 2B0A            CMP              R3,#10
   45 00000052 D304            BLO              DIV_L1
   46 00000054 F1A3 030A       SUB              R3,#10
   47 00000058 F105 0501       ADD              QUO,#1
   48 0000005C E7F8            B                DIVISION
   49 0000005E 4770    DIV_L1  BX               LR
   50 00000060         PACKED
   51 00000060 F814 AB01       LDRB             R10,[R4],#1
   52 00000064 F814 BB01       LDRB             R11,[R4],#1
   53 00000068 EA4F 1B0B       LSL              R11,#4
   54 0000006C 44D3            ADD              R11,R10



ARM Macro Assembler    Page 2 


   55 0000006E 4770            BX               LR
   56 00000070 23 AB   VAL1    DCW              0XAB23
   57 00000072 00 00 00000000 
              00000000 
              00000000 
              00000000         AREA             my_data,DATA,READWRITE
   58 00000000 00 00 00 
              00 00 00 
              00 00 00 
              00 00 00 
              00 00 00 
              00 00 00 
              00 00 00 
              00 00 00 
              00 00 00 
              00 00 00 
              00 00 00 
              00 00 00 
              00 00 00 
              00 00 00 
              00 00 00 
              00 00 00 
              00 00 00 
              00 00 00 
              00 00 00 
              00 00 00 
              00 00 00 
              00       UNPACKED_RES
                               SPACE            64
   59 00000040 00000000 
                       PACKED_RES
                               DCD              0
   60 00000044                 END
Command Line: --debug --xref --cpu=Cortex-M3 --apcs=interwork --depend=q3_HEX_t
o_BCD.d -oq3_HEX_to_BCD.o -IC:\Keil\ARM\RV31\INC -IC:\Keil\ARM\CMSIS\Include -I
C:\Keil\ARM\Inc\NXP\LPC17xx --predefine="__EVAL SETA 1" --list=q3_HEX_to_BCD.ls
t q3_HEX_to_BCD.s



ARM Macro Assembler    Page 1 Alphabetic symbol ordering
Relocatable symbols

RESET 00000000

Symbol: RESET
   Definitions
      At line 1 in file q3_HEX_to_BCD.s
   Uses
      None
Comment: RESET unused
__Vectors 00000000

Symbol: __Vectors
   Definitions
      At line 3 in file q3_HEX_to_BCD.s
   Uses
      At line 2 in file q3_HEX_to_BCD.s
Comment: __Vectors used once
2 symbols



ARM Macro Assembler    Page 1 Alphabetic symbol ordering
Relocatable symbols

DIVISION 00000050

Symbol: DIVISION
   Definitions
      At line 43 in file q3_HEX_to_BCD.s
   Uses
      At line 19 in file q3_HEX_to_BCD.s
      At line 48 in file q3_HEX_to_BCD.s

DIV_L1 0000005E

Symbol: DIV_L1
   Definitions
      At line 49 in file q3_HEX_to_BCD.s
   Uses
      At line 45 in file q3_HEX_to_BCD.s
Comment: DIV_L1 used once
L1 0000000A

Symbol: L1
   Definitions
      At line 17 in file q3_HEX_to_BCD.s
   Uses
      At line 25 in file q3_HEX_to_BCD.s
Comment: L1 used once
L2 00000012

Symbol: L2
   Definitions
      At line 20 in file q3_HEX_to_BCD.s
   Uses
      At line 18 in file q3_HEX_to_BCD.s
Comment: L2 used once
L3 0000002E

Symbol: L3
   Definitions
      At line 31 in file q3_HEX_to_BCD.s
   Uses
      At line 38 in file q3_HEX_to_BCD.s
Comment: L3 used once
L4 00000044

Symbol: L4
   Definitions
      At line 39 in file q3_HEX_to_BCD.s
   Uses
      At line 35 in file q3_HEX_to_BCD.s
Comment: L4 used once
PACKED 00000060

Symbol: PACKED
   Definitions
      At line 50 in file q3_HEX_to_BCD.s
   Uses
      At line 31 in file q3_HEX_to_BCD.s
      At line 39 in file q3_HEX_to_BCD.s

Reset_Handler 00000000



ARM Macro Assembler    Page 2 Alphabetic symbol ordering
Relocatable symbols


Symbol: Reset_Handler
   Definitions
      At line 10 in file q3_HEX_to_BCD.s
   Uses
      At line 5 in file q3_HEX_to_BCD.s
      At line 9 in file q3_HEX_to_BCD.s

STOP 0000004E

Symbol: STOP
   Definitions
      At line 42 in file q3_HEX_to_BCD.s
   Uses
      At line 37 in file q3_HEX_to_BCD.s
      At line 41 in file q3_HEX_to_BCD.s
      At line 42 in file q3_HEX_to_BCD.s

VAL1 00000070

Symbol: VAL1
   Definitions
      At line 56 in file q3_HEX_to_BCD.s
   Uses
      At line 11 in file q3_HEX_to_BCD.s
Comment: VAL1 used once
my_code 00000000

Symbol: my_code
   Definitions
      At line 7 in file q3_HEX_to_BCD.s
   Uses
      None
Comment: my_code unused
11 symbols



ARM Macro Assembler    Page 1 Alphabetic symbol ordering
Relocatable symbols

PACKED_RES 00000040

Symbol: PACKED_RES
   Definitions
      At line 59 in file q3_HEX_to_BCD.s
   Uses
      At line 30 in file q3_HEX_to_BCD.s
Comment: PACKED_RES used once
UNPACKED_RES 00000000

Symbol: UNPACKED_RES
   Definitions
      At line 58 in file q3_HEX_to_BCD.s
   Uses
      At line 12 in file q3_HEX_to_BCD.s
      At line 29 in file q3_HEX_to_BCD.s

my_data 00000000

Symbol: my_data
   Definitions
      At line 57 in file q3_HEX_to_BCD.s
   Uses
      None
Comment: my_data unused
3 symbols
351 symbols in table
