


ARM Macro Assembler    Page 1 


    1 00000000                 AREA             RESET, DATA,READONLY
    2 00000000                 EXPORT           __Vectors
    3 00000000         __Vectors
    4 00000000 10001000        DCD              0X10001000
    5 00000004 00000000        DCD              Reset_Handler
    6 00000008                 ALIGN
    7 00000008                 AREA             mycode,CODE,READONLY
    8 00000000                 ENTRY
    9 00000000                 EXPORT           Reset_Handler
   10 00000000         Reset_Handler
   11 00000000 4810            LDR              R0,=SRC
   12 00000002 4911            LDR              R1,=DST
   13 00000004 F04F 020A       MOV              R2,#10
   14 00000008        4 
                       SUM     RN               R4
   15 00000008 F04F 0400       MOV              SUM,#0
   16 0000000C F850 3B04 
                       L1      LDR              R3,[R0],#4
   17 00000010 18E4            ADDS             SUM,R3
   18 00000012 3A01            SUBS             R2,#1
   19 00000014 D1FA            BNE              L1
   20 00000016 600C            STR              SUM,[R1]
   21 00000018 E7FE    STOP    B                STOP
   22 0000001A 00 00 00000001 
              00000002 
              00000003 
              00000004 
              00000005 
              00000006 
              00000007 
              00000008 
              00000009 
              0000000A SRC     DCD              0X1,0X2,0X3,0X4,0X5,0X6,0X7,0X8
,0X9,0XA
   23 00000044 00000000 
              00000000         AREA             my_data,DATA,READWRITE
   24 00000000 00000000 
                       DST     DCD              0
   25 00000004                 END
Command Line: --debug --xref --cpu=Cortex-M3 --apcs=interwork --depend=add_10_3
2bit.d -oadd_10_32bit.o -IC:\Keil\ARM\RV31\INC -IC:\Keil\ARM\CMSIS\Include -IC:
\Keil\ARM\Inc\NXP\LPC17xx --predefine="__EVAL SETA 1" --list=add_10_32bit.lst a
dd_10_32bit.s



ARM Macro Assembler    Page 1 Alphabetic symbol ordering
Relocatable symbols

RESET 00000000

Symbol: RESET
   Definitions
      At line 1 in file add_10_32bit.s
   Uses
      None
Comment: RESET unused
__Vectors 00000000

Symbol: __Vectors
   Definitions
      At line 3 in file add_10_32bit.s
   Uses
      At line 2 in file add_10_32bit.s
Comment: __Vectors used once
2 symbols



ARM Macro Assembler    Page 1 Alphabetic symbol ordering
Relocatable symbols

L1 0000000C

Symbol: L1
   Definitions
      At line 16 in file add_10_32bit.s
   Uses
      At line 19 in file add_10_32bit.s
Comment: L1 used once
Reset_Handler 00000000

Symbol: Reset_Handler
   Definitions
      At line 10 in file add_10_32bit.s
   Uses
      At line 5 in file add_10_32bit.s
      At line 9 in file add_10_32bit.s

SRC 0000001C

Symbol: SRC
   Definitions
      At line 22 in file add_10_32bit.s
   Uses
      At line 11 in file add_10_32bit.s
Comment: SRC used once
STOP 00000018

Symbol: STOP
   Definitions
      At line 21 in file add_10_32bit.s
   Uses
      At line 21 in file add_10_32bit.s
Comment: STOP used once
mycode 00000000

Symbol: mycode
   Definitions
      At line 7 in file add_10_32bit.s
   Uses
      None
Comment: mycode unused
5 symbols



ARM Macro Assembler    Page 1 Alphabetic symbol ordering
Relocatable symbols

DST 00000000

Symbol: DST
   Definitions
      At line 24 in file add_10_32bit.s
   Uses
      At line 12 in file add_10_32bit.s
Comment: DST used once
my_data 00000000

Symbol: my_data
   Definitions
      At line 23 in file add_10_32bit.s
   Uses
      None
Comment: my_data unused
2 symbols
343 symbols in table
