


ARM Macro Assembler    Page 1 


    1 00000000                 AREA             RESET, DATA,READONLY
    2 00000000                 EXPORT           __Vectors
    3 00000000         __Vectors
    4 00000000 10001000        DCD              0X10001000
    5 00000004 00000000        DCD              Reset_Handler
    6 00000008                 ALIGN
    7 00000008                 AREA             mycode,CODE,READONLY
    8 00000000                 ENTRY
    9 00000000                 EXPORT           Reset_Handler
   10 00000000         Reset_Handler
   11 00000000 4812            LDR              R0,=SRC
   12 00000002 4913            LDR              R1,=DST
   13 00000004 F04F 020A       MOV              R2,#10
   14 00000008 F04F 0309       MOV              R3,#9       ;BECAUSE R0 IS AT T
                                                            HE ADDRESS OF 0TH I
                                                            NDEX OF ARR SO WE J
                                                            UST INCREASE BY 9 F
                                                            ROM THERE
   15 0000000C F04F 0404       MOV              R4,#4
   16 00000010 FB03 0004       mla              R0,R3,R4,R0 ;CAN'T USE NUMBERS 
                                                            WILL HAVE TO USE RE
                                                            GISTERS ONLY
   17 00000014 F850 5904 
                       L1      LDR              R5,[R0],#-4
   18 00000018 F841 5B04       STR              R5,[R1],#4
   19 0000001C 3A01            SUBS             R2,#1
   20 0000001E D1F9            BNE              L1
   21 00000020 E7FE    STOP    B                STOP
   22 00000022 00 00 00000001 
              00000002 
              00000003 
              00000004 
              00000005 
              00000006 
              00000007 
              00000008 
              00000009 
              0000000A SRC     DCD              0X1,0X2,0X3,0X4,0X5,0X6,0X7,0X8
,0X9,0XA
   23 0000004C 00000000 
              00000000         AREA             my_data,DATA,READWRITE
   24 00000000 00000000 
                       DST     DCD              0
   25 00000004                 END
Command Line: --debug --xref --cpu=Cortex-M3 --apcs=interwork --depend=addition
al_q1_reverse_array.d -oadditional_q1_reverse_array.o -IC:\Keil\ARM\RV31\INC -I
C:\Keil\ARM\CMSIS\Include -IC:\Keil\ARM\Inc\NXP\LPC17xx --predefine="__EVAL SET
A 1" --list=additional_q1_reverse_array.lst additional_q1_reverse_array.s



ARM Macro Assembler    Page 1 Alphabetic symbol ordering
Relocatable symbols

RESET 00000000

Symbol: RESET
   Definitions
      At line 1 in file additional_q1_reverse_array.s
   Uses
      None
Comment: RESET unused
__Vectors 00000000

Symbol: __Vectors
   Definitions
      At line 3 in file additional_q1_reverse_array.s
   Uses
      At line 2 in file additional_q1_reverse_array.s
Comment: __Vectors used once
2 symbols



ARM Macro Assembler    Page 1 Alphabetic symbol ordering
Relocatable symbols

L1 00000014

Symbol: L1
   Definitions
      At line 17 in file additional_q1_reverse_array.s
   Uses
      At line 20 in file additional_q1_reverse_array.s
Comment: L1 used once
Reset_Handler 00000000

Symbol: Reset_Handler
   Definitions
      At line 10 in file additional_q1_reverse_array.s
   Uses
      At line 5 in file additional_q1_reverse_array.s
      At line 9 in file additional_q1_reverse_array.s

SRC 00000024

Symbol: SRC
   Definitions
      At line 22 in file additional_q1_reverse_array.s
   Uses
      At line 11 in file additional_q1_reverse_array.s
Comment: SRC used once
STOP 00000020

Symbol: STOP
   Definitions
      At line 21 in file additional_q1_reverse_array.s
   Uses
      At line 21 in file additional_q1_reverse_array.s
Comment: STOP used once
mycode 00000000

Symbol: mycode
   Definitions
      At line 7 in file additional_q1_reverse_array.s
   Uses
      None
Comment: mycode unused
5 symbols



ARM Macro Assembler    Page 1 Alphabetic symbol ordering
Relocatable symbols

DST 00000000

Symbol: DST
   Definitions
      At line 24 in file additional_q1_reverse_array.s
   Uses
      At line 12 in file additional_q1_reverse_array.s
Comment: DST used once
my_data 00000000

Symbol: my_data
   Definitions
      At line 23 in file additional_q1_reverse_array.s
   Uses
      None
Comment: my_data unused
2 symbols
342 symbols in table
