


ARM Macro Assembler    Page 1 


    1 00000000                 AREA             RESET, DATA,READONLY
    2 00000000                 EXPORT           __Vectors
    3 00000000         __Vectors
    4 00000000 10001000        DCD              0X10001000
    5 00000004 00000000        DCD              Reset_Handler
    6 00000008                 ALIGN
    7 00000008                 AREA             mycode,CODE,READONLY
    8 00000000                 ENTRY
    9 00000000                 EXPORT           Reset_Handler
   10 00000000         Reset_Handler
   11 00000000 4803            LDR              R0,=SRC
   12 00000002 6801            LDR              R1,[R0]
   13 00000004 4A03            LDR              R2,=DST
   14 00000006 6011            STR              R1,[R2]
   15 00000008         STOP
   16 00000008 E7FE            B                STOP
   17 0000000A 00 00 FF90FF78 
                       SRC     DCD              0XFF90FF78
   18 00000010 00000000 
              00000000         AREA             my_data,DATA,READWRITE
   19 00000000 00 00 00 
              00 00 00 
              00 00 00 
              00 00 00 
              00 00 00 
              00 00 00 
              00 00 00 
              00 00 00 
              00 00 00 
              00 00 00 
              00 00    DST     SPACE            32
   20 00000020                 END
Command Line: --debug --xref --cpu=Cortex-M3 --apcs=interwork --depend=q2_move_
data.d -oq2_move_data.o -IC:\Keil\ARM\RV31\INC -IC:\Keil\ARM\CMSIS\Include -IC:
\Keil\ARM\Inc\NXP\LPC17xx --predefine="__EVAL SETA 1" --list=q2_move_data.lst q
2_move_data.s



ARM Macro Assembler    Page 1 Alphabetic symbol ordering
Relocatable symbols

RESET 00000000

Symbol: RESET
   Definitions
      At line 1 in file q2_move_data.s
   Uses
      None
Comment: RESET unused
__Vectors 00000000

Symbol: __Vectors
   Definitions
      At line 3 in file q2_move_data.s
   Uses
      At line 2 in file q2_move_data.s
Comment: __Vectors used once
2 symbols



ARM Macro Assembler    Page 1 Alphabetic symbol ordering
Relocatable symbols

Reset_Handler 00000000

Symbol: Reset_Handler
   Definitions
      At line 10 in file q2_move_data.s
   Uses
      At line 5 in file q2_move_data.s
      At line 9 in file q2_move_data.s

SRC 0000000C

Symbol: SRC
   Definitions
      At line 17 in file q2_move_data.s
   Uses
      At line 11 in file q2_move_data.s
Comment: SRC used once
STOP 00000008

Symbol: STOP
   Definitions
      At line 15 in file q2_move_data.s
   Uses
      At line 16 in file q2_move_data.s
Comment: STOP used once
mycode 00000000

Symbol: mycode
   Definitions
      At line 7 in file q2_move_data.s
   Uses
      None
Comment: mycode unused
4 symbols



ARM Macro Assembler    Page 1 Alphabetic symbol ordering
Relocatable symbols

DST 00000000

Symbol: DST
   Definitions
      At line 19 in file q2_move_data.s
   Uses
      At line 13 in file q2_move_data.s
Comment: DST used once
my_data 00000000

Symbol: my_data
   Definitions
      At line 18 in file q2_move_data.s
   Uses
      None
Comment: my_data unused
2 symbols
341 symbols in table
