


ARM Macro Assembler    Page 1 


    1 00000000                 AREA             RESET, DATA,READONLY
    2 00000000                 EXPORT           __Vectors
    3 00000000         __Vectors
    4 00000000 10001000        DCD              0X10001000
    5 00000004 00000000        DCD              Reset_Handler
    6 00000008                 ALIGN
    7 00000008                 AREA             mycode,CODE,READONLY
    8 00000000                 ENTRY
    9 00000000                 EXPORT           Reset_Handler
   10 00000000         Reset_Handler
   11 00000000        0 
                       ARR     RN               R0
   12 00000000        1 
                       RES_ARR RN               R1
   13 00000000 480F            LDR              ARR,=SRC
   14 00000002 4910            LDR              RES_ARR,=DST
   15 00000004        3 
                       COUNTER RN               R3
   16 00000004 F04F 030A       MOV              COUNTER,#10
   17 00000008 F850 4B04 
                       LOOP    LDR              R4,[ARR],#4
   18 0000000C F841 4B04       STR              R4,[RES_ARR],#4
   19 00000010 3B01            SUBS             COUNTER,#1
   20 00000012 D1F9            BNE              LOOP
   21 00000014 E7FE    STOP    B                STOP
   22 00000016 00 00 00000001 
              00000002 
              00000003 
              00000004 
              00000005 
              00000006 
              00000007 
              00000008 
              00000009 
              0000000A SRC     DCD              0X1,0X2,0X3,0X4,0X5,0X6,0X7,0X8
,0X9,0XA
   23 00000040 00000000 
              00000000         AREA             my_data,DATA,READWRITE
   24 00000000 00000000 
                       DST     DCD              0
   25 00000004                 END
Command Line: --debug --xref --cpu=Cortex-M3 --apcs=interwork --depend=q3_move_
block_of_10bit_number.d -oq3_move_block_of_10bit_number.o -IC:\Keil\ARM\RV31\IN
C -IC:\Keil\ARM\CMSIS\Include -IC:\Keil\ARM\Inc\NXP\LPC17xx --predefine="__EVAL
 SETA 1" --list=q3_move_block_of_10bit_number.lst q3_move_block_of_10bit_number
.s



ARM Macro Assembler    Page 1 Alphabetic symbol ordering
Relocatable symbols

RESET 00000000

Symbol: RESET
   Definitions
      At line 1 in file q3_move_block_of_10bit_number.s
   Uses
      None
Comment: RESET unused
__Vectors 00000000

Symbol: __Vectors
   Definitions
      At line 3 in file q3_move_block_of_10bit_number.s
   Uses
      At line 2 in file q3_move_block_of_10bit_number.s
Comment: __Vectors used once
2 symbols



ARM Macro Assembler    Page 1 Alphabetic symbol ordering
Relocatable symbols

LOOP 00000008

Symbol: LOOP
   Definitions
      At line 17 in file q3_move_block_of_10bit_number.s
   Uses
      At line 20 in file q3_move_block_of_10bit_number.s
Comment: LOOP used once
Reset_Handler 00000000

Symbol: Reset_Handler
   Definitions
      At line 10 in file q3_move_block_of_10bit_number.s
   Uses
      At line 5 in file q3_move_block_of_10bit_number.s
      At line 9 in file q3_move_block_of_10bit_number.s

SRC 00000018

Symbol: SRC
   Definitions
      At line 22 in file q3_move_block_of_10bit_number.s
   Uses
      At line 13 in file q3_move_block_of_10bit_number.s
Comment: SRC used once
STOP 00000014

Symbol: STOP
   Definitions
      At line 21 in file q3_move_block_of_10bit_number.s
   Uses
      At line 21 in file q3_move_block_of_10bit_number.s
Comment: STOP used once
mycode 00000000

Symbol: mycode
   Definitions
      At line 7 in file q3_move_block_of_10bit_number.s
   Uses
      None
Comment: mycode unused
5 symbols



ARM Macro Assembler    Page 1 Alphabetic symbol ordering
Relocatable symbols

DST 00000000

Symbol: DST
   Definitions
      At line 24 in file q3_move_block_of_10bit_number.s
   Uses
      At line 14 in file q3_move_block_of_10bit_number.s
Comment: DST used once
my_data 00000000

Symbol: my_data
   Definitions
      At line 23 in file q3_move_block_of_10bit_number.s
   Uses
      None
Comment: my_data unused
2 symbols
345 symbols in table
