


ARM Macro Assembler    Page 1 


    1 00000000                 AREA             RESET,DATA,READONLY
    2 00000000                 EXPORT           __Vectors
    3 00000000         __Vectors
    4 00000000 10001000        DCD              0X10001000
    5 00000004 00000000        DCD              Reset_Handler
    6 00000008                 ALIGN
    7 00000008                 AREA             mycode,CODE,READONLY
    8 00000000                 EXPORT           Reset_Handler
    9 00000000         Reset_Handler
   10 00000000 481D            LDR              R0,=SRC
   11 00000002 F8DF C078       LDR              R12,=DST
   12 00000006 F000 F823       BL               COPY
   13 0000000A 481C            LDR              R0,=DST
   14 0000000C         
   15 0000000C        1 
                       MIN     RN               R1          ;
   16 0000000C F04F 0200       MOV              R2,#0       ; I
   17 00000010 F04F 0300       MOV              R3,#0       ;J
   18 00000014 4611            MOV              MIN,R2      ;MININIMUM VALUE IN
                                                            DEX
   19 00000016        4 
                       I_COUNTER
                               RN               R4
   20 00000016        5 
                       J_COUNTER
                               RN               R5
   21 00000016 F04F 0410       MOV              I_COUNTER,#16
   22 0000001A F04F 0514       MOV              J_COUNTER,#20
   23 0000001E 4611    L1      MOV              MIN,R2      ;
   24 00000020 F102 0304       ADD              R3,R2,#4    ;J=I+1
   25 00000024         ;COZ 32 BIT NUMBER EACH IN ARRAY SO J+=1 SHOULD INCREASE
                        BY 4 BYTES
   26 00000024 F850 8001 
                       L2      LDR              R8,[R0,MIN] ;A[MIN]
   27 00000028 F850 9003       LDR              R9,[R0,R3]  ;A[J]
   28 0000002C 45C1            CMP              R9,R8
   29 0000002E D200            BHS              BRANCH
   30 00000030 4619            MOV              MIN,R3
   31 00000032 F103 0304 
                       BRANCH  ADD              R3,#4
   32 00000036 42AB            CMP              R3,J_COUNTER
   33 00000038 D1F4            BNE              L2
   34 0000003A 5886            LDR              R6,[R0,R2]  ;A[I]
   35 0000003C F850 8001       LDR              R8,[R0,MIN] ;A[MIN]
   36 00000040 F840 8002       STR              R8,[R0,R2]  ;STORE A[MIN] AT A[
                                                            I]
   37 00000044 5046            STR              R6,[R0,MIN]
   38 00000046 F102 0204       ADD              R2,#4
   39 0000004A 42A2            CMP              R2,I_COUNTER
   40 0000004C D1E7            BNE              L1
   41 0000004E E7FE    STOP    B                STOP
   42 00000050         
   43 00000050         COPY
   44 00000050 F04F 0A05       MOV              R10,#5
   45 00000054 F850 BB04 
                       C1      LDR              R11,[R0],#4
   46 00000058 F84C BB04       STR              R11,[R12],#4
   47 0000005C F1BA 0A01       SUBS             R10,#1
   48 00000060 D1F8            BNE              C1



ARM Macro Assembler    Page 2 


   49 00000062 4770            BX               LR
   50 00000064 00000003 
              00000004 
              00000001 
              00000005 
              00000002 SRC     DCD              0X3,0X4,0X1,0X5,0X2
   51 00000078 00000000 
              00000000 
              00000000         AREA             mydata,DATA,READWRITE
   52 00000000 00000000 
                       DST     DCD              0
   53 00000004                 END
Command Line: --debug --xref --cpu=Cortex-M3 --apcs=interwork --depend=q1_selec
tion_sort.d -oq1_selection_sort.o -IC:\Keil\ARM\RV31\INC -IC:\Keil\ARM\CMSIS\In
clude -IC:\Keil\ARM\Inc\NXP\LPC17xx --predefine="__EVAL SETA 1" --list=q1_selec
tion_sort.lst q1_selection_sort.s



ARM Macro Assembler    Page 1 Alphabetic symbol ordering
Relocatable symbols

RESET 00000000

Symbol: RESET
   Definitions
      At line 1 in file q1_selection_sort.s
   Uses
      None
Comment: RESET unused
__Vectors 00000000

Symbol: __Vectors
   Definitions
      At line 3 in file q1_selection_sort.s
   Uses
      At line 2 in file q1_selection_sort.s
Comment: __Vectors used once
2 symbols



ARM Macro Assembler    Page 1 Alphabetic symbol ordering
Relocatable symbols

BRANCH 00000032

Symbol: BRANCH
   Definitions
      At line 31 in file q1_selection_sort.s
   Uses
      At line 29 in file q1_selection_sort.s
Comment: BRANCH used once
C1 00000054

Symbol: C1
   Definitions
      At line 45 in file q1_selection_sort.s
   Uses
      At line 48 in file q1_selection_sort.s
Comment: C1 used once
COPY 00000050

Symbol: COPY
   Definitions
      At line 43 in file q1_selection_sort.s
   Uses
      At line 12 in file q1_selection_sort.s
Comment: COPY used once
L1 0000001E

Symbol: L1
   Definitions
      At line 23 in file q1_selection_sort.s
   Uses
      At line 40 in file q1_selection_sort.s
Comment: L1 used once
L2 00000024

Symbol: L2
   Definitions
      At line 26 in file q1_selection_sort.s
   Uses
      At line 33 in file q1_selection_sort.s
Comment: L2 used once
Reset_Handler 00000000

Symbol: Reset_Handler
   Definitions
      At line 9 in file q1_selection_sort.s
   Uses
      At line 5 in file q1_selection_sort.s
      At line 8 in file q1_selection_sort.s

SRC 00000064

Symbol: SRC
   Definitions
      At line 50 in file q1_selection_sort.s
   Uses
      At line 10 in file q1_selection_sort.s
Comment: SRC used once
STOP 0000004E




ARM Macro Assembler    Page 2 Alphabetic symbol ordering
Relocatable symbols

Symbol: STOP
   Definitions
      At line 41 in file q1_selection_sort.s
   Uses
      At line 41 in file q1_selection_sort.s
Comment: STOP used once
mycode 00000000

Symbol: mycode
   Definitions
      At line 7 in file q1_selection_sort.s
   Uses
      None
Comment: mycode unused
9 symbols



ARM Macro Assembler    Page 1 Alphabetic symbol ordering
Relocatable symbols

DST 00000000

Symbol: DST
   Definitions
      At line 52 in file q1_selection_sort.s
   Uses
      At line 11 in file q1_selection_sort.s
      At line 13 in file q1_selection_sort.s

mydata 00000000

Symbol: mydata
   Definitions
      At line 51 in file q1_selection_sort.s
   Uses
      None
Comment: mydata unused
2 symbols
349 symbols in table
