


ARM Macro Assembler    Page 1 


    1 00000000                 AREA             RESET,DATA,READONLY
    2 00000000                 EXPORT           __Vectors
    3 00000000         __Vectors
    4 00000000 10001000        DCD              0X10001000
    5 00000004 00000000        DCD              Reset_Handler
    6 00000008                 ALIGN
    7 00000008                 AREA             my_code,CODE,READONLY
    8 00000000                 ENTRY
    9 00000000                 EXPORT           Reset_Handler
   10 00000000         Reset_Handler
   11 00000000 481B            LDR              R0,=VAL1
   12 00000002 491C            LDR              R1,=VAL2
   13 00000004 F8DF 8070       LDR              R8,=UNPACKED_RES
   14 00000008 6802            LDR              R2,[R0]
   15 0000000A 680B            LDR              R3,[R1]
   16 0000000C FB02 F403       MUL              R4,R2,R3
   17 00000010        5 
                       COUNTER RN               R5
   18 00000010        6 
                       CARRY   RN               R6
   19 00000010 F04F 0504       MOV              COUNTER,#4
   20 00000014 F000 F811 
                       L1      BL               MASKING
   21 00000018 F808 7B01       STRB             R7,[R8],#1
   22 0000001C 3D01            SUBS             COUNTER,#1
   23 0000001E D1F9            BNE              L1
   24 00000020 F8DF 8054       LDR              R8,=UNPACKED_RES
   25 00000024 F8DF 9054       LDR              R9,=PACKED_RES
   26 00000028 F04F 0504       MOV              COUNTER,#4
   27 0000002C F000 F813 
                       L2      BL               PACKED
   28 00000030 F809 BB01       STRB             R11,[R9],#1
   29 00000034 3D01            SUBS             COUNTER,#1
   30 00000036 D1F9            BNE              L2
   31 00000038 E7FE    STOP    B                STOP
   32 0000003A         
   33 0000003A         MASKING
   34 0000003A F004 070F       AND              R7,R4,#0XF
   35 0000003E 4437            ADD              R7,CARRY
   36 00000040 F04F 0600       MOV              CARRY,#0
   37 00000044 2F0A            CMP              R7,#0XA
   38 00000046 D303            BLO              MASK_L1
   39 00000048 F04F 0601       MOV              CARRY,#1
   40 0000004C F1A7 070A       SUB              R7,#0XA
   41 00000050 EA4F 1414 
                       MASK_L1 LSR              R4,#4
   42 00000054 4770            BX               LR
   43 00000056         PACKED
   44 00000056 F818 AB01       LDRB             R10,[R8],#1
   45 0000005A F818 BB01       LDRB             R11,[R8],#1
   46 0000005E EA4F 1B0B       LSL              R11,#4
   47 00000062 44D3            ADD              R11,R10
   48 00000064 4770            BX               LR
   49 00000066 00 00 00000008 
                       VAL1    DCD              0X8
   50 0000006C 00000009 
                       VAL2    DCD              0X9
   51 00000070 00000000 
              00000000 



ARM Macro Assembler    Page 2 


              00000000 
              00000000 
              00000000         AREA             my_data,DATA,READWRITE
   52 00000000 00000000 
                       UNPACKED_RES
                               DCD              0
   53 00000004 00000000 
                       PACKED_RES
                               DCD              0
   54 00000008                 END
Command Line: --debug --xref --cpu=Cortex-M3 --apcs=interwork --depend=addition
al_q2_BCDmultiplication.d -oadditional_q2_BCDmultiplication.o -IC:\Keil\ARM\RV3
1\INC -IC:\Keil\ARM\CMSIS\Include -IC:\Keil\ARM\Inc\NXP\LPC17xx --predefine="__
EVAL SETA 1" --list=additional_q2_BCDmultiplication.lst additional_q2_BCDmultip
lication.s



ARM Macro Assembler    Page 1 Alphabetic symbol ordering
Relocatable symbols

RESET 00000000

Symbol: RESET
   Definitions
      At line 1 in file additional_q2_BCDmultiplication.s
   Uses
      None
Comment: RESET unused
__Vectors 00000000

Symbol: __Vectors
   Definitions
      At line 3 in file additional_q2_BCDmultiplication.s
   Uses
      At line 2 in file additional_q2_BCDmultiplication.s
Comment: __Vectors used once
2 symbols



ARM Macro Assembler    Page 1 Alphabetic symbol ordering
Relocatable symbols

L1 00000014

Symbol: L1
   Definitions
      At line 20 in file additional_q2_BCDmultiplication.s
   Uses
      At line 23 in file additional_q2_BCDmultiplication.s
Comment: L1 used once
L2 0000002C

Symbol: L2
   Definitions
      At line 27 in file additional_q2_BCDmultiplication.s
   Uses
      At line 30 in file additional_q2_BCDmultiplication.s
Comment: L2 used once
MASKING 0000003A

Symbol: MASKING
   Definitions
      At line 33 in file additional_q2_BCDmultiplication.s
   Uses
      At line 20 in file additional_q2_BCDmultiplication.s
Comment: MASKING used once
MASK_L1 00000050

Symbol: MASK_L1
   Definitions
      At line 41 in file additional_q2_BCDmultiplication.s
   Uses
      At line 38 in file additional_q2_BCDmultiplication.s
Comment: MASK_L1 used once
PACKED 00000056

Symbol: PACKED
   Definitions
      At line 43 in file additional_q2_BCDmultiplication.s
   Uses
      At line 27 in file additional_q2_BCDmultiplication.s
Comment: PACKED used once
Reset_Handler 00000000

Symbol: Reset_Handler
   Definitions
      At line 10 in file additional_q2_BCDmultiplication.s
   Uses
      At line 5 in file additional_q2_BCDmultiplication.s
      At line 9 in file additional_q2_BCDmultiplication.s

STOP 00000038

Symbol: STOP
   Definitions
      At line 31 in file additional_q2_BCDmultiplication.s
   Uses
      At line 31 in file additional_q2_BCDmultiplication.s
Comment: STOP used once
VAL1 00000068




ARM Macro Assembler    Page 2 Alphabetic symbol ordering
Relocatable symbols

Symbol: VAL1
   Definitions
      At line 49 in file additional_q2_BCDmultiplication.s
   Uses
      At line 11 in file additional_q2_BCDmultiplication.s
Comment: VAL1 used once
VAL2 0000006C

Symbol: VAL2
   Definitions
      At line 50 in file additional_q2_BCDmultiplication.s
   Uses
      At line 12 in file additional_q2_BCDmultiplication.s
Comment: VAL2 used once
my_code 00000000

Symbol: my_code
   Definitions
      At line 7 in file additional_q2_BCDmultiplication.s
   Uses
      None
Comment: my_code unused
10 symbols



ARM Macro Assembler    Page 1 Alphabetic symbol ordering
Relocatable symbols

PACKED_RES 00000004

Symbol: PACKED_RES
   Definitions
      At line 53 in file additional_q2_BCDmultiplication.s
   Uses
      At line 25 in file additional_q2_BCDmultiplication.s
Comment: PACKED_RES used once
UNPACKED_RES 00000000

Symbol: UNPACKED_RES
   Definitions
      At line 52 in file additional_q2_BCDmultiplication.s
   Uses
      At line 13 in file additional_q2_BCDmultiplication.s
      At line 24 in file additional_q2_BCDmultiplication.s

my_data 00000000

Symbol: my_data
   Definitions
      At line 51 in file additional_q2_BCDmultiplication.s
   Uses
      None
Comment: my_data unused
3 symbols
350 symbols in table
