


ARM Macro Assembler    Page 1 


    1 00000000                 AREA             RESET, DATA,READONLY
    2 00000000                 EXPORT           __Vectors
    3 00000000         __Vectors
    4 00000000 10001000        DCD              0X10001000
    5 00000004 00000000        DCD              Reset_Handler
    6 00000008                 ALIGN
    7 00000008                 AREA             mycode,CODE,READONLY
    8 00000000                 ENTRY
    9 00000000                 EXPORT           Reset_Handler
   10 00000000         Reset_Handler
   11 00000000 480F            LDR              R0,=SRC
   12 00000002 6801            LDR              R1,[R0]
   13 00000004 F04F 0200       MOV              R2,#0
   14 00000008 F04F 0301       MOV              R3,#1
   15 0000000C 480D            LDR              R0,=DST
   16 0000000E 2901            CMP              R1,#1
   17 00000010 D30D            BLO              STOP
   18 00000012 F800 2B01       STRB             R2,[R0],#1
   19 00000016 3901            SUBS             R1,#1
   20 00000018 D009            BEQ              STOP
   21 0000001A F800 3B01       STRB             R3,[R0],#1
   22 0000001E 3901            SUBS             R1,#1
   23 00000020 D005            BEQ              STOP
   24 00000022 F000 F805 
                       L2      BL               FIBONNACI
   25 00000026 F800 3B01       STRB             R3,[R0],#1
   26 0000002A 3901            SUBS             R1,#1
   27 0000002C D1F9            BNE              L2
   28 0000002E E7FE    STOP    B                STOP
   29 00000030         FIBONNACI
   30 00000030 EB02 0403       ADD              R4,R2,R3
   31 00000034 461A            MOV              R2,R3
   32 00000036 4623            MOV              R3,R4
   33 00000038 4770            BX               LR
   34 0000003A 00 00 00000005 
                       SRC     DCD              0X5
   35 00000040 00000000 
              00000000         AREA             my_data,DATA,READWRITE
   36 00000000 00000000 
                       DST     DCD              0
   37 00000004                 END
Command Line: --debug --xref --cpu=Cortex-M3 --apcs=interwork --depend=addition
al_q2_FIBONACCI.d -oadditional_q2_FIBONACCI.o -IC:\Keil\ARM\RV31\INC -IC:\Keil\
ARM\CMSIS\Include -IC:\Keil\ARM\Inc\NXP\LPC17xx --predefine="__EVAL SETA 1" --l
ist=additional_q2_FIBONACCI.lst additional_q2_FIBONACCI.s



ARM Macro Assembler    Page 1 Alphabetic symbol ordering
Relocatable symbols

RESET 00000000

Symbol: RESET
   Definitions
      At line 1 in file additional_q2_FIBONACCI.s
   Uses
      None
Comment: RESET unused
__Vectors 00000000

Symbol: __Vectors
   Definitions
      At line 3 in file additional_q2_FIBONACCI.s
   Uses
      At line 2 in file additional_q2_FIBONACCI.s
Comment: __Vectors used once
2 symbols



ARM Macro Assembler    Page 1 Alphabetic symbol ordering
Relocatable symbols

FIBONNACI 00000030

Symbol: FIBONNACI
   Definitions
      At line 29 in file additional_q2_FIBONACCI.s
   Uses
      At line 24 in file additional_q2_FIBONACCI.s
Comment: FIBONNACI used once
L2 00000022

Symbol: L2
   Definitions
      At line 24 in file additional_q2_FIBONACCI.s
   Uses
      At line 27 in file additional_q2_FIBONACCI.s
Comment: L2 used once
Reset_Handler 00000000

Symbol: Reset_Handler
   Definitions
      At line 10 in file additional_q2_FIBONACCI.s
   Uses
      At line 5 in file additional_q2_FIBONACCI.s
      At line 9 in file additional_q2_FIBONACCI.s

SRC 0000003C

Symbol: SRC
   Definitions
      At line 34 in file additional_q2_FIBONACCI.s
   Uses
      At line 11 in file additional_q2_FIBONACCI.s
Comment: SRC used once
STOP 0000002E

Symbol: STOP
   Definitions
      At line 28 in file additional_q2_FIBONACCI.s
   Uses
      At line 17 in file additional_q2_FIBONACCI.s
      At line 20 in file additional_q2_FIBONACCI.s
      At line 23 in file additional_q2_FIBONACCI.s
      At line 28 in file additional_q2_FIBONACCI.s

mycode 00000000

Symbol: mycode
   Definitions
      At line 7 in file additional_q2_FIBONACCI.s
   Uses
      None
Comment: mycode unused
6 symbols



ARM Macro Assembler    Page 1 Alphabetic symbol ordering
Relocatable symbols

DST 00000000

Symbol: DST
   Definitions
      At line 36 in file additional_q2_FIBONACCI.s
   Uses
      At line 15 in file additional_q2_FIBONACCI.s
Comment: DST used once
my_data 00000000

Symbol: my_data
   Definitions
      At line 35 in file additional_q2_FIBONACCI.s
   Uses
      None
Comment: my_data unused
2 symbols
343 symbols in table
