


ARM Macro Assembler    Page 1 


    1 00000000                 AREA             RESET, DATA,READONLY
    2 00000000                 EXPORT           __Vectors
    3 00000000         __Vectors
    4 00000000 10001000        DCD              0X10001000
    5 00000004 00000000        DCD              Reset_Handler
    6 00000008                 ALIGN
    7 00000008                 AREA             mycode,CODE,READONLY
    8 00000000                 ENTRY
    9 00000000                 EXPORT           Reset_Handler
   10 00000000         Reset_Handler
   11 00000000 4811            LDR              R0,=SRC
   12 00000002 4912            LDR              R1,=DST
   13 00000004        4 
                       SUM     RN               R4
   14 00000004 F000 F816       BL               ADDITION
   15 00000008 600C            STR              SUM,[R1]
   16 0000000A E7FE    STOP    B                STOP
   17 0000000C 00000001 
              00000002 
              00000003 
              00000004 
              00000005 
              00000006 
              00000007 
              00000008 
              00000009 
              0000000A SRC     DCD              0X1,0X2,0X3,0X4,0X5,0X6,0X7,0X8
,0X9,0XA
   18 00000034         ADDITION
   19 00000034 F04F 020A       MOV              R2,#10
   20 00000038 F04F 0400       MOV              SUM,#0
   21 0000003C F850 3B04 
                       L1      LDR              R3,[R0],#4
   22 00000040 415C            ADCS             SUM,R3
   23 00000042 3A01            SUBS             R2,#1
   24 00000044 D1FA            BNE              L1
   25 00000046 4770            BX               LR
   26 00000048 00000000 
              00000000         AREA             my_data,DATA,READWRITE
   27 00000000 00000000 
                       DST     DCD              0
   28 00000004                 END
Command Line: --debug --xref --cpu=Cortex-M3 --apcs=interwork --depend=addition
al_q1.d -oadditional_q1.o -IC:\Keil\ARM\RV31\INC -IC:\Keil\ARM\CMSIS\Include -I
C:\Keil\ARM\Inc\NXP\LPC17xx --predefine="__EVAL SETA 1" --list=additional_q1.ls
t additional_q1.s



ARM Macro Assembler    Page 1 Alphabetic symbol ordering
Relocatable symbols

RESET 00000000

Symbol: RESET
   Definitions
      At line 1 in file additional_q1.s
   Uses
      None
Comment: RESET unused
__Vectors 00000000

Symbol: __Vectors
   Definitions
      At line 3 in file additional_q1.s
   Uses
      At line 2 in file additional_q1.s
Comment: __Vectors used once
2 symbols



ARM Macro Assembler    Page 1 Alphabetic symbol ordering
Relocatable symbols

ADDITION 00000034

Symbol: ADDITION
   Definitions
      At line 18 in file additional_q1.s
   Uses
      At line 14 in file additional_q1.s
Comment: ADDITION used once
L1 0000003C

Symbol: L1
   Definitions
      At line 21 in file additional_q1.s
   Uses
      At line 24 in file additional_q1.s
Comment: L1 used once
Reset_Handler 00000000

Symbol: Reset_Handler
   Definitions
      At line 10 in file additional_q1.s
   Uses
      At line 5 in file additional_q1.s
      At line 9 in file additional_q1.s

SRC 0000000C

Symbol: SRC
   Definitions
      At line 17 in file additional_q1.s
   Uses
      At line 11 in file additional_q1.s
Comment: SRC used once
STOP 0000000A

Symbol: STOP
   Definitions
      At line 16 in file additional_q1.s
   Uses
      At line 16 in file additional_q1.s
Comment: STOP used once
mycode 00000000

Symbol: mycode
   Definitions
      At line 7 in file additional_q1.s
   Uses
      None
Comment: mycode unused
6 symbols



ARM Macro Assembler    Page 1 Alphabetic symbol ordering
Relocatable symbols

DST 00000000

Symbol: DST
   Definitions
      At line 27 in file additional_q1.s
   Uses
      At line 12 in file additional_q1.s
Comment: DST used once
my_data 00000000

Symbol: my_data
   Definitions
      At line 26 in file additional_q1.s
   Uses
      None
Comment: my_data unused
2 symbols
344 symbols in table
