


ARM Macro Assembler    Page 1 


    1 00000000                 AREA             RESET, DATA,READONLY
    2 00000000                 EXPORT           __Vectors
    3 00000000         __Vectors
    4 00000000 10001000        DCD              0X10001000
    5 00000004 00000000        DCD              Reset_Handler
    6 00000008                 ALIGN
    7 00000008                 AREA             mycode,CODE,READONLY
    8 00000000                 ENTRY
    9 00000000                 EXPORT           Reset_Handler
   10 00000000         Reset_Handler
   11 00000000 4815            LDR              R0,=VAL1
   12 00000002 4916            LDR              R1,=VAL2
   13 00000004 6802            LDR              R2,[R0]
   14 00000006 680B            LDR              R3,[R1]
   15 00000008 4617            MOV              R7,R2
   16 0000000A 4698            MOV              R8,R3
   17 0000000C        4 
                       REM     RN               R4
   18 0000000C 4D14            LDR              R5,=GCD
   19 0000000E 4E15            LDR              R6,=LCM
   20 00000010 F000 F808       BL               GCDFN
   21 00000014 602F            STR              R7,[R5]
   22 00000016 F04F 0A00       MOV              R10,#0      ;
   23 0000001A        A 
                       QUO     RN               R10
   24 0000001A F000 F80F       BL               LCM_FN
   25 0000001E F8C6 9000       STR              R9,[R6]
   26 00000022         
   27 00000022 E7FE    STOP    B                STOP
   28 00000024         
   29 00000024         GCDFN
   30 00000024 4547    L3      CMP              R7,R8
   31 00000026 D008            BEQ              L1
   32 00000028 463C            MOV              REM,R7
   33 0000002A 4544    DIV_GCD CMP              REM,R8
   34 0000002C D902            BLS              L2
   35 0000002E EBB4 0408       SUBS             REM,R8
   36 00000032 E7FA            B                DIV_GCD
   37 00000034 4647    L2      MOV              R7,R8
   38 00000036 46A0            MOV              R8,REM
   39 00000038 E7F4            B                L3
   40 0000003A 4770    L1      BX               LR
   41 0000003C         
   42 0000003C         
   43 0000003C         LCM_FN
   44 0000003C FB02 F903       MUL              R9,R2,R3    ;
   45 00000040 45B9    DIV_LCM CMP              R9,R7
   46 00000042 D304            BCC              L4
   47 00000044 EBB9 0907       SUBS             R9,R7
   48 00000048 F10A 0A01       ADD              QUO,#1
   49 0000004C E7F8            B                DIV_LCM
   50 0000004E 4770    L4      BX               LR
   51 00000050         
   52 00000050         
   53 00000050 0000000C 
                       VAL1    DCD              0XC
   54 00000054 00000006 
                       VAL2    DCD              0X6
   55 00000058 00000000 



ARM Macro Assembler    Page 2 


              00000000 
              00000000 
              00000000         AREA             my_data,DATA,READWRITE
   56 00000000 00000000 
                       GCD     DCD              0
   57 00000004 00000000 
                       LCM     DCD              0
   58 00000008                 END
Command Line: --debug --xref --cpu=Cortex-M3 --apcs=interwork --depend=addition
al_q3_GCD_LCM.d -oadditional_q3_GCD_LCM.o -IC:\Keil\ARM\RV31\INC -IC:\Keil\ARM\
CMSIS\Include -IC:\Keil\ARM\Inc\NXP\LPC17xx --predefine="__EVAL SETA 1" --list=
additional_q3_GCD_LCM.lst additional_q3_GCD_LCM.s



ARM Macro Assembler    Page 1 Alphabetic symbol ordering
Relocatable symbols

RESET 00000000

Symbol: RESET
   Definitions
      At line 1 in file additional_q3_GCD_LCM.s
   Uses
      None
Comment: RESET unused
__Vectors 00000000

Symbol: __Vectors
   Definitions
      At line 3 in file additional_q3_GCD_LCM.s
   Uses
      At line 2 in file additional_q3_GCD_LCM.s
Comment: __Vectors used once
2 symbols



ARM Macro Assembler    Page 1 Alphabetic symbol ordering
Relocatable symbols

DIV_GCD 0000002A

Symbol: DIV_GCD
   Definitions
      At line 33 in file additional_q3_GCD_LCM.s
   Uses
      At line 36 in file additional_q3_GCD_LCM.s
Comment: DIV_GCD used once
DIV_LCM 00000040

Symbol: DIV_LCM
   Definitions
      At line 45 in file additional_q3_GCD_LCM.s
   Uses
      At line 49 in file additional_q3_GCD_LCM.s
Comment: DIV_LCM used once
GCDFN 00000024

Symbol: GCDFN
   Definitions
      At line 29 in file additional_q3_GCD_LCM.s
   Uses
      At line 20 in file additional_q3_GCD_LCM.s
Comment: GCDFN used once
L1 0000003A

Symbol: L1
   Definitions
      At line 40 in file additional_q3_GCD_LCM.s
   Uses
      At line 31 in file additional_q3_GCD_LCM.s
Comment: L1 used once
L2 00000034

Symbol: L2
   Definitions
      At line 37 in file additional_q3_GCD_LCM.s
   Uses
      At line 34 in file additional_q3_GCD_LCM.s
Comment: L2 used once
L3 00000024

Symbol: L3
   Definitions
      At line 30 in file additional_q3_GCD_LCM.s
   Uses
      At line 39 in file additional_q3_GCD_LCM.s
Comment: L3 used once
L4 0000004E

Symbol: L4
   Definitions
      At line 50 in file additional_q3_GCD_LCM.s
   Uses
      At line 46 in file additional_q3_GCD_LCM.s
Comment: L4 used once
LCM_FN 0000003C

Symbol: LCM_FN



ARM Macro Assembler    Page 2 Alphabetic symbol ordering
Relocatable symbols

   Definitions
      At line 43 in file additional_q3_GCD_LCM.s
   Uses
      At line 24 in file additional_q3_GCD_LCM.s
Comment: LCM_FN used once
Reset_Handler 00000000

Symbol: Reset_Handler
   Definitions
      At line 10 in file additional_q3_GCD_LCM.s
   Uses
      At line 5 in file additional_q3_GCD_LCM.s
      At line 9 in file additional_q3_GCD_LCM.s

STOP 00000022

Symbol: STOP
   Definitions
      At line 27 in file additional_q3_GCD_LCM.s
   Uses
      At line 27 in file additional_q3_GCD_LCM.s
Comment: STOP used once
VAL1 00000050

Symbol: VAL1
   Definitions
      At line 53 in file additional_q3_GCD_LCM.s
   Uses
      At line 11 in file additional_q3_GCD_LCM.s
Comment: VAL1 used once
VAL2 00000054

Symbol: VAL2
   Definitions
      At line 54 in file additional_q3_GCD_LCM.s
   Uses
      At line 12 in file additional_q3_GCD_LCM.s
Comment: VAL2 used once
mycode 00000000

Symbol: mycode
   Definitions
      At line 7 in file additional_q3_GCD_LCM.s
   Uses
      None
Comment: mycode unused
13 symbols



ARM Macro Assembler    Page 1 Alphabetic symbol ordering
Relocatable symbols

GCD 00000000

Symbol: GCD
   Definitions
      At line 56 in file additional_q3_GCD_LCM.s
   Uses
      At line 18 in file additional_q3_GCD_LCM.s
Comment: GCD used once
LCM 00000004

Symbol: LCM
   Definitions
      At line 57 in file additional_q3_GCD_LCM.s
   Uses
      At line 19 in file additional_q3_GCD_LCM.s
Comment: LCM used once
my_data 00000000

Symbol: my_data
   Definitions
      At line 55 in file additional_q3_GCD_LCM.s
   Uses
      None
Comment: my_data unused
3 symbols
353 symbols in table
