


ARM Macro Assembler    Page 1 


    1 00000000                 AREA             RESET, DATA,READONLY
    2 00000000                 EXPORT           __Vectors
    3 00000000         __Vectors
    4 00000000 10001000        DCD              0X10001000
    5 00000004 00000000        DCD              Reset_Handler
    6 00000008                 ALIGN
    7 00000008                 AREA             mycode,CODE,READONLY
    8 00000000                 ENTRY
    9 00000000                 EXPORT           Reset_Handler
   10 00000000         Reset_Handler
   11 00000000 4808            LDR              R0,=VAL1
   12 00000002 4909            LDR              R1,=VAL2
   13 00000004 4A09            LDR              R2,=RESULT
   14 00000006 F000 F802       BL               SUBTRACTION
   15 0000000A 6017            STR              R7,[R2]
   16 0000000C E7FE    STOP    B                STOP
   17 0000000E         SUBTRACTION
   18 0000000E 6807            LDR              R7,[R0]
   19 00000010 F8D1 8000       LDR              R8,[R1]
   20 00000014 EBB7 0708       SUBS             R7,R8
   21 00000018 4770            BX               LR
   22 0000001A 00 00 00000008 
                       VAL1    DCD              0X8
   23 00000020 00000004 
                       VAL2    DCD              0X4
   24 00000024 00000000 
              00000000 
              00000000         AREA             my_data, DATA,READWRITE
   25 00000000 00000000 
                       RESULT  DCD              0
   26 00000004                 END
Command Line: --debug --xref --cpu=Cortex-M3 --apcs=interwork --depend=q1_sub_3
2bit_nos.d -oq1_sub_32bit_nos.o -IC:\Keil\ARM\RV31\INC -IC:\Keil\ARM\CMSIS\Incl
ude -IC:\Keil\ARM\Inc\NXP\LPC17xx --predefine="__EVAL SETA 1" --list=q1_sub_32b
it_nos.lst q1_sub_32bit_nos.s



ARM Macro Assembler    Page 1 Alphabetic symbol ordering
Relocatable symbols

RESET 00000000

Symbol: RESET
   Definitions
      At line 1 in file q1_sub_32bit_nos.s
   Uses
      None
Comment: RESET unused
__Vectors 00000000

Symbol: __Vectors
   Definitions
      At line 3 in file q1_sub_32bit_nos.s
   Uses
      At line 2 in file q1_sub_32bit_nos.s
Comment: __Vectors used once
2 symbols



ARM Macro Assembler    Page 1 Alphabetic symbol ordering
Relocatable symbols

Reset_Handler 00000000

Symbol: Reset_Handler
   Definitions
      At line 10 in file q1_sub_32bit_nos.s
   Uses
      At line 5 in file q1_sub_32bit_nos.s
      At line 9 in file q1_sub_32bit_nos.s

STOP 0000000C

Symbol: STOP
   Definitions
      At line 16 in file q1_sub_32bit_nos.s
   Uses
      At line 16 in file q1_sub_32bit_nos.s
Comment: STOP used once
SUBTRACTION 0000000E

Symbol: SUBTRACTION
   Definitions
      At line 17 in file q1_sub_32bit_nos.s
   Uses
      At line 14 in file q1_sub_32bit_nos.s
Comment: SUBTRACTION used once
VAL1 0000001C

Symbol: VAL1
   Definitions
      At line 22 in file q1_sub_32bit_nos.s
   Uses
      At line 11 in file q1_sub_32bit_nos.s
Comment: VAL1 used once
VAL2 00000020

Symbol: VAL2
   Definitions
      At line 23 in file q1_sub_32bit_nos.s
   Uses
      At line 12 in file q1_sub_32bit_nos.s
Comment: VAL2 used once
mycode 00000000

Symbol: mycode
   Definitions
      At line 7 in file q1_sub_32bit_nos.s
   Uses
      None
Comment: mycode unused
6 symbols



ARM Macro Assembler    Page 1 Alphabetic symbol ordering
Relocatable symbols

RESULT 00000000

Symbol: RESULT
   Definitions
      At line 25 in file q1_sub_32bit_nos.s
   Uses
      At line 13 in file q1_sub_32bit_nos.s
Comment: RESULT used once
my_data 00000000

Symbol: my_data
   Definitions
      At line 24 in file q1_sub_32bit_nos.s
   Uses
      None
Comment: my_data unused
2 symbols
343 symbols in table
