


ARM Macro Assembler    Page 1 


    1 00000000                 AREA             RESET, DATA,READONLY
    2 00000000                 EXPORT           __Vectors
    3 00000000         __Vectors
    4 00000000 10001000        DCD              0X10001000
    5 00000004 00000000        DCD              Reset_Handler
    6 00000008                 ALIGN
    7 00000008                 AREA             mycode,CODE,READONLY
    8 00000000                 ENTRY
    9 00000000                 EXPORT           Reset_Handler
   10 00000000         Reset_Handler
   11 00000000 480C            LDR              R0,=VAL1
   12 00000002 490D            LDR              R1,=VAL2
   13 00000004 4D0D            LDR              R5,=QUO
   14 00000006 4E0E            LDR              R6,=REM
   15 00000008 6802            LDR              R2,[R0]
   16 0000000A 680B            LDR              R3,[R1]
   17 0000000C F04F 0400       MOV              R4,#0
   18 00000010 F000 F808       BL               DIVISION
   19 00000014 6032            STR              R2,[R6]
   20 00000016 602C            STR              R4,[R5]
   21 00000018 E7FE    STOP    B                STOP
   22 0000001A 00 00 00000014 
                       VAL1    DCD              0X14
   23 00000020 00000004 
                       VAL2    DCD              0X4
   24 00000024         DIVISION
   25 00000024 429A    L1      CMP              R2,R3
   26 00000026 D304            BCC              L2
   27 00000028 EBA2 0203       SUB              R2,R3
   28 0000002C F104 0401       ADD              R4,#1
   29 00000030 E7F8            B                L1
   30 00000032 4770    L2      BX               LR
   31 00000034 00000000 
              00000000 
              00000000 
              00000000         AREA             my_data,DATA,READWRITE
   32 00000000 00000000 
                       QUO     DCD              0
   33 00000004 00000000 
                       REM     DCD              0
   34 00000008                 END
Command Line: --debug --xref --cpu=Cortex-M3 --apcs=interwork --depend=q3_divis
ion.d -oq3_division.o -IC:\Keil\ARM\RV31\INC -IC:\Keil\ARM\CMSIS\Include -IC:\K
eil\ARM\Inc\NXP\LPC17xx --predefine="__EVAL SETA 1" --list=q3_division.lst q3_d
ivision.s



ARM Macro Assembler    Page 1 Alphabetic symbol ordering
Relocatable symbols

RESET 00000000

Symbol: RESET
   Definitions
      At line 1 in file q3_division.s
   Uses
      None
Comment: RESET unused
__Vectors 00000000

Symbol: __Vectors
   Definitions
      At line 3 in file q3_division.s
   Uses
      At line 2 in file q3_division.s
Comment: __Vectors used once
2 symbols



ARM Macro Assembler    Page 1 Alphabetic symbol ordering
Relocatable symbols

DIVISION 00000024

Symbol: DIVISION
   Definitions
      At line 24 in file q3_division.s
   Uses
      At line 18 in file q3_division.s
Comment: DIVISION used once
L1 00000024

Symbol: L1
   Definitions
      At line 25 in file q3_division.s
   Uses
      At line 29 in file q3_division.s
Comment: L1 used once
L2 00000032

Symbol: L2
   Definitions
      At line 30 in file q3_division.s
   Uses
      At line 26 in file q3_division.s
Comment: L2 used once
Reset_Handler 00000000

Symbol: Reset_Handler
   Definitions
      At line 10 in file q3_division.s
   Uses
      At line 5 in file q3_division.s
      At line 9 in file q3_division.s

STOP 00000018

Symbol: STOP
   Definitions
      At line 21 in file q3_division.s
   Uses
      At line 21 in file q3_division.s
Comment: STOP used once
VAL1 0000001C

Symbol: VAL1
   Definitions
      At line 22 in file q3_division.s
   Uses
      At line 11 in file q3_division.s
Comment: VAL1 used once
VAL2 00000020

Symbol: VAL2
   Definitions
      At line 23 in file q3_division.s
   Uses
      At line 12 in file q3_division.s
Comment: VAL2 used once
mycode 00000000




ARM Macro Assembler    Page 2 Alphabetic symbol ordering
Relocatable symbols

Symbol: mycode
   Definitions
      At line 7 in file q3_division.s
   Uses
      None
Comment: mycode unused
8 symbols



ARM Macro Assembler    Page 1 Alphabetic symbol ordering
Relocatable symbols

QUO 00000000

Symbol: QUO
   Definitions
      At line 32 in file q3_division.s
   Uses
      At line 13 in file q3_division.s
Comment: QUO used once
REM 00000004

Symbol: REM
   Definitions
      At line 33 in file q3_division.s
   Uses
      At line 14 in file q3_division.s
Comment: REM used once
my_data 00000000

Symbol: my_data
   Definitions
      At line 31 in file q3_division.s
   Uses
      None
Comment: my_data unused
3 symbols
346 symbols in table
